<?xml version="1.0" encoding="UTF-8"?>
<!-- Generated by org.testng.reporters.JUnitReportReporter -->
<testsuite skipped="0" hostname="DESKTOP-KMKNUH1" name="onlineshopping.NewTestNG" tests="1" failures="0" timestamp="2021-10-05T14:50:54 EDT" time="2.804" errors="0">
  <testcase name="f" time="2.804" classname="onlineshopping.NewTestNG"/>
  <system-out/>
</testsuite> <!-- onlineshopping.NewTestNG -->
